<?xml version="1.0" encoding="UTF-8"?>
<testng-results skipped="0" failed="0" ignored="0" total="1" passed="1">
  <reporter-output>
  </reporter-output>
  <suite name="Suite" duration-ms="22185" started-at="2022-02-02T11:16:48 CET" finished-at="2022-02-02T11:17:10 CET">
    <groups>
    </groups>
    <test name="Test" duration-ms="22185" started-at="2022-02-02T11:16:48 CET" finished-at="2022-02-02T11:17:10 CET">
      <class name="appium_ios.Test1">
        <test-method status="PASS" signature="test22()[pri:0, instance:appium_ios.Test1@5ec0a365]" name="test22" duration-ms="22155" started-at="2022-02-02T11:16:48 CET" finished-at="2022-02-02T11:17:10 CET">
          <reporter-output>
          </reporter-output>
        </test-method> <!-- test22 -->
      </class> <!-- appium_ios.Test1 -->
    </test> <!-- Test -->
  </suite> <!-- Suite -->
</testng-results>
