<?xml version="1.0" encoding="UTF-8"?>
<testng-results ignored="0" total="1" passed="1" failed="0" skipped="0">
  <reporter-output>
  </reporter-output>
  <suite started-at="2022-01-31T18:07:40 CET" name="Suite" finished-at="2022-01-31T18:08:54 CET" duration-ms="73658">
    <groups>
    </groups>
    <test started-at="2022-01-31T18:07:40 CET" name="Test" finished-at="2022-01-31T18:08:54 CET" duration-ms="73658">
      <class name="appium_ios.Test1">
        <test-method signature="test22()[pri:0, instance:appium_ios.Test1@7a419da4]" started-at="2022-01-31T18:07:40 CET" name="test22" finished-at="2022-01-31T18:08:54 CET" duration-ms="73622" status="PASS">
          <reporter-output>
          </reporter-output>
        </test-method> <!-- test22 -->
      </class> <!-- appium_ios.Test1 -->
    </test> <!-- Test -->
  </suite> <!-- Suite -->
</testng-results>
